<?xml version="1.0" encoding="UTF-8"?>
<coverage generated="1784636384099" clover="3.2.0">
  <project timestamp="1784636384099" name="All files">
    <metrics statements="31" coveredstatements="31" conditionals="12" coveredconditionals="8" methods="5" coveredmethods="5" elements="48" coveredelements="44" complexity="0" loc="31" ncloc="31" packages="1" files="5" classes="5"/>
    <file name="createUser.ts" path="/home/lrosa/PoC/SequelizeCrud/src/use-case/user/createUser.ts">
      <metrics statements="6" coveredstatements="6" conditionals="2" coveredconditionals="1" methods="1" coveredmethods="1"/>
      <line num="2" count="1" type="stmt"/>
      <line num="4" count="1" type="stmt"/>
      <line num="5" count="2" type="stmt"/>
      <line num="6" count="2" type="stmt"/>
      <line num="7" count="1" type="stmt"/>
      <line num="9" count="1" type="cond" truecount="1" falsecount="1"/>
    </file>
    <file name="deleteUser.ts" path="/home/lrosa/PoC/SequelizeCrud/src/use-case/user/deleteUser.ts">
      <metrics statements="8" coveredstatements="8" conditionals="4" coveredconditionals="3" methods="1" coveredmethods="1"/>
      <line num="2" count="1" type="stmt"/>
      <line num="4" count="1" type="stmt"/>
      <line num="5" count="2" type="cond" truecount="1" falsecount="1"/>
      <line num="6" count="2" type="stmt"/>
      <line num="8" count="2" type="cond" truecount="2" falsecount="0"/>
      <line num="9" count="1" type="stmt"/>
      <line num="12" count="1" type="stmt"/>
      <line num="13" count="1" type="stmt"/>
    </file>
    <file name="getUserID.ts" path="/home/lrosa/PoC/SequelizeCrud/src/use-case/user/getUserID.ts">
      <metrics statements="5" coveredstatements="5" conditionals="2" coveredconditionals="1" methods="1" coveredmethods="1"/>
      <line num="2" count="1" type="stmt"/>
      <line num="4" count="1" type="stmt"/>
      <line num="5" count="1" type="cond" truecount="1" falsecount="1"/>
      <line num="6" count="1" type="stmt"/>
      <line num="7" count="1" type="stmt"/>
    </file>
    <file name="getUsers.ts" path="/home/lrosa/PoC/SequelizeCrud/src/use-case/user/getUsers.ts">
      <metrics statements="4" coveredstatements="4" conditionals="0" coveredconditionals="0" methods="1" coveredmethods="1"/>
      <line num="2" count="1" type="stmt"/>
      <line num="4" count="1" type="stmt"/>
      <line num="5" count="1" type="stmt"/>
      <line num="6" count="1" type="stmt"/>
    </file>
    <file name="updateUser.ts" path="/home/lrosa/PoC/SequelizeCrud/src/use-case/user/updateUser.ts">
      <metrics statements="8" coveredstatements="8" conditionals="4" coveredconditionals="3" methods="1" coveredmethods="1"/>
      <line num="2" count="1" type="stmt"/>
      <line num="4" count="1" type="stmt"/>
      <line num="5" count="2" type="cond" truecount="1" falsecount="1"/>
      <line num="6" count="2" type="stmt"/>
      <line num="8" count="2" type="cond" truecount="2" falsecount="0"/>
      <line num="9" count="1" type="stmt"/>
      <line num="12" count="1" type="stmt"/>
      <line num="13" count="1" type="stmt"/>
    </file>
  </project>
</coverage>
